2020-04-02 21:02:00,191 [main] INFO  Downloading taxonomic data.
2020-04-02 21:02:01,877 [main] DEBUG 1.651 seconds for HTTP request taxonomy (position 0, try 0).
2020-04-02 21:02:02,119 [main] DEBUG 25000 records returned after 1.893 seconds (partial result).
2020-04-02 21:02:02,579 [main] DEBUG 0.460 seconds for HTTP request taxonomy (position 25000, try 0).
2020-04-02 21:02:02,859 [main] DEBUG 25000 records returned after 0.740 seconds (partial result).
2020-04-02 21:02:03,255 [main] DEBUG 0.394 seconds for HTTP request taxonomy (position 50000, try 0).
2020-04-02 21:02:03,511 [main] DEBUG 25000 records returned after 0.651 seconds (partial result).
2020-04-02 21:02:03,924 [main] DEBUG 0.411 seconds for HTTP request taxonomy (position 75000, try 0).
2020-04-02 21:02:04,176 [main] DEBUG 25000 records returned after 0.663 seconds (partial result).
2020-04-02 21:02:04,755 [main] DEBUG 0.578 seconds for HTTP request taxonomy (position 100000, try 0).
2020-04-02 21:02:04,984 [main] DEBUG 25000 records returned after 0.807 seconds (partial result).
2020-04-02 21:02:05,380 [main] DEBUG 0.396 seconds for HTTP request taxonomy (position 125000, try 0).
2020-04-02 21:02:05,603 [main] DEBUG 25000 records returned after 0.619 seconds (partial result).
2020-04-02 21:02:06,012 [main] DEBUG 0.408 seconds for HTTP request taxonomy (position 150000, try 0).
2020-04-02 21:02:06,218 [main] DEBUG 25000 records returned after 0.613 seconds (partial result).
2020-04-02 21:02:06,645 [main] DEBUG 0.427 seconds for HTTP request taxonomy (position 175000, try 0).
2020-04-02 21:02:06,865 [main] DEBUG 25000 records returned after 0.647 seconds (partial result).
2020-04-02 21:02:07,296 [main] DEBUG 0.430 seconds for HTTP request taxonomy (position 200000, try 0).
2020-04-02 21:02:07,536 [main] DEBUG 25000 records returned after 0.670 seconds (partial result).
2020-04-02 21:02:07,971 [main] DEBUG 0.435 seconds for HTTP request taxonomy (position 225000, try 0).
2020-04-02 21:02:08,217 [main] DEBUG 25000 records returned after 0.681 seconds (partial result).
2020-04-02 21:02:08,642 [main] DEBUG 0.424 seconds for HTTP request taxonomy (position 250000, try 0).
2020-04-02 21:02:08,866 [main] DEBUG 25000 records returned after 0.648 seconds (partial result).
2020-04-02 21:02:09,368 [main] DEBUG 0.502 seconds for HTTP request taxonomy (position 275000, try 0).
2020-04-02 21:02:09,628 [main] DEBUG 25000 records returned after 0.762 seconds (partial result).
2020-04-02 21:02:10,102 [main] DEBUG 0.474 seconds for HTTP request taxonomy (position 300000, try 0).
2020-04-02 21:02:10,322 [main] DEBUG 25000 records returned after 0.694 seconds (partial result).
2020-04-02 21:02:10,832 [main] DEBUG 0.510 seconds for HTTP request taxonomy (position 325000, try 0).
2020-04-02 21:02:11,120 [main] DEBUG 25000 records returned after 0.797 seconds (partial result).
2020-04-02 21:02:11,615 [main] DEBUG 0.495 seconds for HTTP request taxonomy (position 350000, try 0).
2020-04-02 21:02:11,862 [main] DEBUG 25000 records returned after 0.742 seconds (partial result).
2020-04-02 21:02:12,362 [main] DEBUG 0.500 seconds for HTTP request taxonomy (position 375000, try 0).
2020-04-02 21:02:12,643 [main] DEBUG 25000 records returned after 0.781 seconds (partial result).
2020-04-02 21:02:13,214 [main] DEBUG 0.571 seconds for HTTP request taxonomy (position 400000, try 0).
2020-04-02 21:02:13,409 [main] DEBUG 25000 records returned after 0.766 seconds (partial result).
2020-04-02 21:02:14,037 [main] DEBUG 0.628 seconds for HTTP request taxonomy (position 425000, try 0).
2020-04-02 21:02:14,304 [main] DEBUG 25000 records returned after 0.895 seconds (partial result).
2020-04-02 21:02:14,955 [main] DEBUG 0.651 seconds for HTTP request taxonomy (position 450000, try 0).
2020-04-02 21:02:15,230 [main] DEBUG 25000 records returned after 0.925 seconds (partial result).
2020-04-02 21:02:15,884 [main] DEBUG 0.654 seconds for HTTP request taxonomy (position 475000, try 0).
2020-04-02 21:02:16,094 [main] DEBUG 22954 records returned after 0.864 seconds.
2020-04-02 21:02:16,183 [main] INFO  497954 species tabulated.
2020-04-02 21:02:16,402 [main] DEBUG 0.217 seconds for HTTP request taxonomy (position 0, try 0).
2020-04-02 21:02:16,505 [main] DEBUG 5093 records returned after 0.320 seconds.
2020-04-02 21:02:16,507 [main] INFO  5093 genera tabulated.
2020-04-02 21:02:16,514 [main] DEBUG Missing genus or species for 1869227.403.
2020-04-02 21:03:12,870 [main] INFO  Downloading taxonomic data.
2020-04-02 21:03:14,066 [main] DEBUG 1.163 seconds for HTTP request taxonomy (position 0, try 0).
2020-04-02 21:03:14,320 [main] DEBUG 25000 records returned after 1.418 seconds (partial result).
2020-04-02 21:03:14,712 [main] DEBUG 0.392 seconds for HTTP request taxonomy (position 25000, try 0).
2020-04-02 21:03:14,977 [main] DEBUG 25000 records returned after 0.657 seconds (partial result).
2020-04-02 21:03:15,382 [main] DEBUG 0.405 seconds for HTTP request taxonomy (position 50000, try 0).
2020-04-02 21:03:15,579 [main] DEBUG 25000 records returned after 0.602 seconds (partial result).
2020-04-02 21:03:16,044 [main] DEBUG 0.465 seconds for HTTP request taxonomy (position 75000, try 0).
2020-04-02 21:03:16,292 [main] DEBUG 25000 records returned after 0.713 seconds (partial result).
2020-04-02 21:03:16,704 [main] DEBUG 0.412 seconds for HTTP request taxonomy (position 100000, try 0).
2020-04-02 21:03:16,928 [main] DEBUG 25000 records returned after 0.636 seconds (partial result).
2020-04-02 21:03:17,326 [main] DEBUG 0.398 seconds for HTTP request taxonomy (position 125000, try 0).
2020-04-02 21:03:17,559 [main] DEBUG 25000 records returned after 0.631 seconds (partial result).
2020-04-02 21:03:17,972 [main] DEBUG 0.413 seconds for HTTP request taxonomy (position 150000, try 0).
2020-04-02 21:03:18,243 [main] DEBUG 25000 records returned after 0.684 seconds (partial result).
2020-04-02 21:03:18,661 [main] DEBUG 0.418 seconds for HTTP request taxonomy (position 175000, try 0).
2020-04-02 21:03:18,808 [main] DEBUG 25000 records returned after 0.565 seconds (partial result).
2020-04-02 21:03:19,274 [main] DEBUG 0.466 seconds for HTTP request taxonomy (position 200000, try 0).
2020-04-02 21:03:19,492 [main] DEBUG 25000 records returned after 0.684 seconds (partial result).
2020-04-02 21:03:19,945 [main] DEBUG 0.453 seconds for HTTP request taxonomy (position 225000, try 0).
2020-04-02 21:03:20,298 [main] DEBUG 25000 records returned after 0.806 seconds (partial result).
2020-04-02 21:03:20,781 [main] DEBUG 0.483 seconds for HTTP request taxonomy (position 250000, try 0).
2020-04-02 21:03:21,100 [main] DEBUG 25000 records returned after 0.802 seconds (partial result).
2020-04-02 21:03:21,595 [main] DEBUG 0.494 seconds for HTTP request taxonomy (position 275000, try 0).
2020-04-02 21:03:22,038 [main] DEBUG 25000 records returned after 0.938 seconds (partial result).
2020-04-02 21:03:22,635 [main] DEBUG 0.596 seconds for HTTP request taxonomy (position 300000, try 0).
2020-04-02 21:03:23,072 [main] DEBUG 25000 records returned after 1.033 seconds (partial result).
2020-04-02 21:03:23,643 [main] DEBUG 0.571 seconds for HTTP request taxonomy (position 325000, try 0).
2020-04-02 21:03:23,962 [main] DEBUG 25000 records returned after 0.890 seconds (partial result).
2020-04-02 21:03:24,547 [main] DEBUG 0.585 seconds for HTTP request taxonomy (position 350000, try 0).
2020-04-02 21:03:24,805 [main] DEBUG 25000 records returned after 0.843 seconds (partial result).
2020-04-02 21:03:25,443 [main] DEBUG 0.638 seconds for HTTP request taxonomy (position 375000, try 0).
2020-04-02 21:03:25,803 [main] DEBUG 25000 records returned after 0.998 seconds (partial result).
2020-04-02 21:03:26,454 [main] DEBUG 0.651 seconds for HTTP request taxonomy (position 400000, try 0).
2020-04-02 21:03:26,682 [main] DEBUG 25000 records returned after 0.879 seconds (partial result).
2020-04-02 21:03:27,330 [main] DEBUG 0.648 seconds for HTTP request taxonomy (position 425000, try 0).
2020-04-02 21:03:27,610 [main] DEBUG 25000 records returned after 0.928 seconds (partial result).
2020-04-02 21:03:28,248 [main] DEBUG 0.638 seconds for HTTP request taxonomy (position 450000, try 0).
2020-04-02 21:03:28,512 [main] DEBUG 25000 records returned after 0.902 seconds (partial result).
2020-04-02 21:03:29,086 [main] DEBUG 0.574 seconds for HTTP request taxonomy (position 475000, try 0).
2020-04-02 21:03:29,341 [main] DEBUG 22954 records returned after 0.829 seconds.
2020-04-02 21:03:29,420 [main] INFO  497954 species tabulated.
2020-04-02 21:03:29,675 [main] DEBUG 0.253 seconds for HTTP request taxonomy (position 0, try 0).
2020-04-02 21:03:29,765 [main] DEBUG 5093 records returned after 0.343 seconds.
2020-04-02 21:03:29,771 [main] INFO  5093 genera tabulated.
2020-04-02 21:03:29,775 [main] DEBUG Missing genus or species for 1869227.403.
2020-04-02 21:08:14,461 [main] INFO  Downloading taxonomic data.
2020-04-02 21:08:15,606 [main] DEBUG 1.102 seconds for HTTP request taxonomy (position 0, try 0).
2020-04-02 21:08:15,926 [main] DEBUG 25000 records returned after 1.422 seconds (partial result).
2020-04-02 21:08:16,356 [main] DEBUG 0.429 seconds for HTTP request taxonomy (position 25000, try 0).
2020-04-02 21:08:16,620 [main] DEBUG 25000 records returned after 0.693 seconds (partial result).
2020-04-02 21:08:17,030 [main] DEBUG 0.410 seconds for HTTP request taxonomy (position 50000, try 0).
2020-04-02 21:08:17,338 [main] DEBUG 25000 records returned after 0.718 seconds (partial result).
2020-04-02 21:08:17,739 [main] DEBUG 0.400 seconds for HTTP request taxonomy (position 75000, try 0).
2020-04-02 21:08:18,002 [main] DEBUG 25000 records returned after 0.662 seconds (partial result).
2020-04-02 21:08:18,513 [main] DEBUG 0.511 seconds for HTTP request taxonomy (position 100000, try 0).
2020-04-02 21:08:18,693 [main] DEBUG 25000 records returned after 0.691 seconds (partial result).
2020-04-02 21:08:19,183 [main] DEBUG 0.489 seconds for HTTP request taxonomy (position 125000, try 0).
2020-04-02 21:08:19,333 [main] DEBUG 25000 records returned after 0.639 seconds (partial result).
2020-04-02 21:08:19,873 [main] DEBUG 0.539 seconds for HTTP request taxonomy (position 150000, try 0).
2020-04-02 21:08:20,143 [main] DEBUG 25000 records returned after 0.809 seconds (partial result).
2020-04-02 21:08:20,636 [main] DEBUG 0.493 seconds for HTTP request taxonomy (position 175000, try 0).
2020-04-02 21:08:20,846 [main] DEBUG 25000 records returned after 0.703 seconds (partial result).
2020-04-02 21:08:21,403 [main] DEBUG 0.557 seconds for HTTP request taxonomy (position 200000, try 0).
2020-04-02 21:08:21,758 [main] DEBUG 25000 records returned after 0.912 seconds (partial result).
2020-04-02 21:08:22,309 [main] DEBUG 0.551 seconds for HTTP request taxonomy (position 225000, try 0).
2020-04-02 21:08:22,780 [main] DEBUG 25000 records returned after 1.022 seconds (partial result).
2020-04-02 21:08:23,342 [main] DEBUG 0.562 seconds for HTTP request taxonomy (position 250000, try 0).
2020-04-02 21:08:23,740 [main] DEBUG 25000 records returned after 0.960 seconds (partial result).
2020-04-02 21:08:24,272 [main] DEBUG 0.532 seconds for HTTP request taxonomy (position 275000, try 0).
2020-04-02 21:08:24,619 [main] DEBUG 25000 records returned after 0.879 seconds (partial result).
2020-04-02 21:08:25,256 [main] DEBUG 0.637 seconds for HTTP request taxonomy (position 300000, try 0).
2020-04-02 21:08:25,729 [main] DEBUG 25000 records returned after 1.110 seconds (partial result).
2020-04-02 21:08:26,378 [main] DEBUG 0.648 seconds for HTTP request taxonomy (position 325000, try 0).
2020-04-02 21:08:26,819 [main] DEBUG 25000 records returned after 1.089 seconds (partial result).
2020-04-02 21:08:27,370 [main] DEBUG 0.551 seconds for HTTP request taxonomy (position 350000, try 0).
2020-04-02 21:08:27,648 [main] DEBUG 25000 records returned after 0.829 seconds (partial result).
2020-04-02 21:08:28,289 [main] DEBUG 0.641 seconds for HTTP request taxonomy (position 375000, try 0).
2020-04-02 21:08:28,513 [main] DEBUG 25000 records returned after 0.865 seconds (partial result).
2020-04-02 21:08:29,191 [main] DEBUG 0.678 seconds for HTTP request taxonomy (position 400000, try 0).
2020-04-02 21:08:29,418 [main] DEBUG 25000 records returned after 0.905 seconds (partial result).
2020-04-02 21:08:30,069 [main] DEBUG 0.650 seconds for HTTP request taxonomy (position 425000, try 0).
2020-04-02 21:08:30,317 [main] DEBUG 25000 records returned after 0.898 seconds (partial result).
2020-04-02 21:08:31,013 [main] DEBUG 0.696 seconds for HTTP request taxonomy (position 450000, try 0).
2020-04-02 21:08:31,285 [main] DEBUG 25000 records returned after 0.968 seconds (partial result).
2020-04-02 21:08:31,957 [main] DEBUG 0.671 seconds for HTTP request taxonomy (position 475000, try 0).
2020-04-02 21:08:32,243 [main] DEBUG 22954 records returned after 0.957 seconds.
2020-04-02 21:08:32,323 [main] INFO  497954 species tabulated.
2020-04-02 21:08:32,580 [main] DEBUG 0.255 seconds for HTTP request taxonomy (position 0, try 0).
2020-04-02 21:08:32,665 [main] DEBUG 5093 records returned after 0.340 seconds.
2020-04-02 21:08:32,667 [main] INFO  5093 genera tabulated.
2020-04-02 21:08:32,671 [main] DEBUG Missing genus or species for 1869227.403.
2020-04-02 21:10:32,003 [main] INFO  Downloading taxonomic data.
2020-04-02 21:10:33,155 [main] DEBUG 1.107 seconds for HTTP request taxonomy (position 0, try 0).
2020-04-02 21:10:33,414 [main] DEBUG 25000 records returned after 1.367 seconds (partial result).
2020-04-02 21:10:33,864 [main] DEBUG 0.449 seconds for HTTP request taxonomy (position 25000, try 0).
2020-04-02 21:10:34,052 [main] DEBUG 25000 records returned after 0.637 seconds (partial result).
2020-04-02 21:10:34,498 [main] DEBUG 0.446 seconds for HTTP request taxonomy (position 50000, try 0).
2020-04-02 21:10:34,789 [main] DEBUG 25000 records returned after 0.737 seconds (partial result).
2020-04-02 21:10:35,248 [main] DEBUG 0.458 seconds for HTTP request taxonomy (position 75000, try 0).
2020-04-02 21:10:35,664 [main] DEBUG 25000 records returned after 0.874 seconds (partial result).
2020-04-02 21:10:36,131 [main] DEBUG 0.466 seconds for HTTP request taxonomy (position 100000, try 0).
2020-04-02 21:10:36,307 [main] DEBUG 25000 records returned after 0.641 seconds (partial result).
2020-04-02 21:10:36,735 [main] DEBUG 0.428 seconds for HTTP request taxonomy (position 125000, try 0).
2020-04-02 21:10:37,055 [main] DEBUG 25000 records returned after 0.748 seconds (partial result).
2020-04-02 21:10:37,604 [main] DEBUG 0.549 seconds for HTTP request taxonomy (position 150000, try 0).
2020-04-02 21:10:37,995 [main] DEBUG 25000 records returned after 0.939 seconds (partial result).
2020-04-02 21:10:38,468 [main] DEBUG 0.472 seconds for HTTP request taxonomy (position 175000, try 0).
2020-04-02 21:10:38,753 [main] DEBUG 25000 records returned after 0.758 seconds (partial result).
2020-04-02 21:10:39,311 [main] DEBUG 0.558 seconds for HTTP request taxonomy (position 200000, try 0).
2020-04-02 21:10:39,720 [main] DEBUG 25000 records returned after 0.967 seconds (partial result).
2020-04-02 21:10:40,286 [main] DEBUG 0.566 seconds for HTTP request taxonomy (position 225000, try 0).
2020-04-02 21:10:40,745 [main] DEBUG 25000 records returned after 1.024 seconds (partial result).
2020-04-02 21:10:41,290 [main] DEBUG 0.545 seconds for HTTP request taxonomy (position 250000, try 0).
2020-04-02 21:10:41,583 [main] DEBUG 25000 records returned after 0.838 seconds (partial result).
2020-04-02 21:10:42,220 [main] DEBUG 0.637 seconds for HTTP request taxonomy (position 275000, try 0).
2020-04-02 21:10:42,603 [main] DEBUG 25000 records returned after 1.020 seconds (partial result).
2020-04-02 21:10:43,125 [main] DEBUG 0.521 seconds for HTTP request taxonomy (position 300000, try 0).
2020-04-02 21:10:43,408 [main] DEBUG 25000 records returned after 0.805 seconds (partial result).
2020-04-02 21:10:43,987 [main] DEBUG 0.579 seconds for HTTP request taxonomy (position 325000, try 0).
2020-04-02 21:10:44,224 [main] DEBUG 25000 records returned after 0.816 seconds (partial result).
2020-04-02 21:10:44,841 [main] DEBUG 0.615 seconds for HTTP request taxonomy (position 350000, try 0).
2020-04-02 21:10:45,114 [main] DEBUG 25000 records returned after 0.889 seconds (partial result).
2020-04-02 21:10:45,668 [main] DEBUG 0.554 seconds for HTTP request taxonomy (position 375000, try 0).
2020-04-02 21:10:45,947 [main] DEBUG 25000 records returned after 0.833 seconds (partial result).
2020-04-02 21:10:46,543 [main] DEBUG 0.596 seconds for HTTP request taxonomy (position 400000, try 0).
2020-04-02 21:10:46,806 [main] DEBUG 25000 records returned after 0.859 seconds (partial result).
2020-04-02 21:10:47,426 [main] DEBUG 0.620 seconds for HTTP request taxonomy (position 425000, try 0).
2020-04-02 21:10:47,702 [main] DEBUG 25000 records returned after 0.896 seconds (partial result).
2020-04-02 21:10:48,392 [main] DEBUG 0.689 seconds for HTTP request taxonomy (position 450000, try 0).
2020-04-02 21:10:48,658 [main] DEBUG 25000 records returned after 0.955 seconds (partial result).
2020-04-02 21:10:49,334 [main] DEBUG 0.676 seconds for HTTP request taxonomy (position 475000, try 0).
2020-04-02 21:10:49,614 [main] DEBUG 22954 records returned after 0.955 seconds.
2020-04-02 21:10:49,693 [main] INFO  497954 species tabulated.
2020-04-02 21:10:49,944 [main] DEBUG 0.248 seconds for HTTP request taxonomy (position 0, try 0).
2020-04-02 21:10:50,052 [main] DEBUG 5093 records returned after 0.357 seconds.
2020-04-02 21:10:50,054 [main] INFO  5093 genera tabulated.
2020-04-02 21:10:50,058 [main] DEBUG Missing genus or species for 1869227.403.
2020-04-02 21:12:21,225 [main] INFO  Downloading taxonomic data.
2020-04-02 21:12:22,462 [main] DEBUG 1.213 seconds for HTTP request taxonomy (position 0, try 0).
2020-04-02 21:12:22,896 [main] DEBUG 25000 records returned after 1.647 seconds (partial result).
2020-04-02 21:12:23,408 [main] DEBUG 0.512 seconds for HTTP request taxonomy (position 25000, try 0).
2020-04-02 21:12:23,806 [main] DEBUG 25000 records returned after 0.909 seconds (partial result).
2020-04-02 21:12:24,315 [main] DEBUG 0.509 seconds for HTTP request taxonomy (position 50000, try 0).
2020-04-02 21:12:24,778 [main] DEBUG 25000 records returned after 0.972 seconds (partial result).
2020-04-02 21:12:25,254 [main] DEBUG 0.476 seconds for HTTP request taxonomy (position 75000, try 0).
2020-04-02 21:12:25,650 [main] DEBUG 25000 records returned after 0.872 seconds (partial result).
2020-04-02 21:12:26,201 [main] DEBUG 0.549 seconds for HTTP request taxonomy (position 100000, try 0).
2020-04-02 21:12:26,514 [main] DEBUG 25000 records returned after 0.863 seconds (partial result).
2020-04-02 21:12:27,061 [main] DEBUG 0.547 seconds for HTTP request taxonomy (position 125000, try 0).
2020-04-02 21:12:27,304 [main] DEBUG 25000 records returned after 0.790 seconds (partial result).
2020-04-02 21:12:27,862 [main] DEBUG 0.557 seconds for HTTP request taxonomy (position 150000, try 0).
2020-04-02 21:12:28,112 [main] DEBUG 25000 records returned after 0.807 seconds (partial result).
2020-04-02 21:12:28,697 [main] DEBUG 0.585 seconds for HTTP request taxonomy (position 175000, try 0).
2020-04-02 21:12:28,969 [main] DEBUG 25000 records returned after 0.857 seconds (partial result).
2020-04-02 21:12:29,525 [main] DEBUG 0.556 seconds for HTTP request taxonomy (position 200000, try 0).
2020-04-02 21:12:29,779 [main] DEBUG 25000 records returned after 0.810 seconds (partial result).
2020-04-02 21:12:30,340 [main] DEBUG 0.561 seconds for HTTP request taxonomy (position 225000, try 0).
2020-04-02 21:12:30,660 [main] DEBUG 25000 records returned after 0.880 seconds (partial result).
2020-04-02 21:12:31,230 [main] DEBUG 0.569 seconds for HTTP request taxonomy (position 250000, try 0).
2020-04-02 21:12:31,471 [main] DEBUG 25000 records returned after 0.811 seconds (partial result).
2020-04-02 21:12:31,946 [main] DEBUG 0.474 seconds for HTTP request taxonomy (position 275000, try 0).
2020-04-02 21:12:32,194 [main] DEBUG 25000 records returned after 0.723 seconds (partial result).
2020-04-02 21:12:32,763 [main] DEBUG 0.568 seconds for HTTP request taxonomy (position 300000, try 0).
2020-04-02 21:12:33,009 [main] DEBUG 25000 records returned after 0.814 seconds (partial result).
2020-04-02 21:12:33,563 [main] DEBUG 0.554 seconds for HTTP request taxonomy (position 325000, try 0).
2020-04-02 21:12:33,799 [main] DEBUG 25000 records returned after 0.790 seconds (partial result).
2020-04-02 21:12:34,407 [main] DEBUG 0.607 seconds for HTTP request taxonomy (position 350000, try 0).
2020-04-02 21:12:34,660 [main] DEBUG 25000 records returned after 0.860 seconds (partial result).
2020-04-02 21:12:35,285 [main] DEBUG 0.625 seconds for HTTP request taxonomy (position 375000, try 0).
2020-04-02 21:12:35,557 [main] DEBUG 25000 records returned after 0.897 seconds (partial result).
2020-04-02 21:12:36,205 [main] DEBUG 0.648 seconds for HTTP request taxonomy (position 400000, try 0).
2020-04-02 21:12:36,431 [main] DEBUG 25000 records returned after 0.874 seconds (partial result).
2020-04-02 21:12:37,003 [main] DEBUG 0.572 seconds for HTTP request taxonomy (position 425000, try 0).
2020-04-02 21:12:37,229 [main] DEBUG 25000 records returned after 0.797 seconds (partial result).
2020-04-02 21:12:37,923 [main] DEBUG 0.694 seconds for HTTP request taxonomy (position 450000, try 0).
2020-04-02 21:12:38,214 [main] DEBUG 25000 records returned after 0.985 seconds (partial result).
2020-04-02 21:12:38,905 [main] DEBUG 0.691 seconds for HTTP request taxonomy (position 475000, try 0).
2020-04-02 21:12:39,400 [main] DEBUG 22954 records returned after 1.186 seconds.
2020-04-02 21:12:39,487 [main] INFO  497954 species tabulated.
2020-04-02 21:12:39,802 [main] DEBUG 0.313 seconds for HTTP request taxonomy (position 0, try 0).
2020-04-02 21:12:39,903 [main] DEBUG 5093 records returned after 0.414 seconds.
2020-04-02 21:12:39,910 [main] INFO  5093 genera tabulated.
2020-04-02 21:12:39,913 [main] DEBUG Missing genus or species for 1869227.403.
2020-04-02 21:14:38,633 [main] INFO  Downloading taxonomic data.
2020-04-02 21:14:39,752 [main] DEBUG 1.075 seconds for HTTP request taxonomy (position 0, try 0).
2020-04-02 21:14:40,150 [main] DEBUG 25000 records returned after 1.474 seconds (partial result).
2020-04-02 21:14:40,591 [main] DEBUG 0.439 seconds for HTTP request taxonomy (position 25000, try 0).
2020-04-02 21:14:40,996 [main] DEBUG 25000 records returned after 0.845 seconds (partial result).
2020-04-02 21:14:41,433 [main] DEBUG 0.436 seconds for HTTP request taxonomy (position 50000, try 0).
2020-04-02 21:14:41,862 [main] DEBUG 25000 records returned after 0.866 seconds (partial result).
2020-04-02 21:14:42,345 [main] DEBUG 0.483 seconds for HTTP request taxonomy (position 75000, try 0).
2020-04-02 21:14:42,655 [main] DEBUG 25000 records returned after 0.793 seconds (partial result).
2020-04-02 21:14:43,088 [main] DEBUG 0.431 seconds for HTTP request taxonomy (position 100000, try 0).
2020-04-02 21:14:43,408 [main] DEBUG 25000 records returned after 0.752 seconds (partial result).
2020-04-02 21:14:43,924 [main] DEBUG 0.516 seconds for HTTP request taxonomy (position 125000, try 0).
2020-04-02 21:14:44,212 [main] DEBUG 25000 records returned after 0.804 seconds (partial result).
2020-04-02 21:14:44,766 [main] DEBUG 0.554 seconds for HTTP request taxonomy (position 150000, try 0).
2020-04-02 21:14:45,024 [main] DEBUG 25000 records returned after 0.812 seconds (partial result).
2020-04-02 21:14:45,550 [main] DEBUG 0.526 seconds for HTTP request taxonomy (position 175000, try 0).
2020-04-02 21:14:45,760 [main] DEBUG 25000 records returned after 0.736 seconds (partial result).
2020-04-02 21:14:46,190 [main] DEBUG 0.430 seconds for HTTP request taxonomy (position 200000, try 0).
2020-04-02 21:14:46,392 [main] DEBUG 25000 records returned after 0.632 seconds (partial result).
2020-04-02 21:14:46,851 [main] DEBUG 0.459 seconds for HTTP request taxonomy (position 225000, try 0).
2020-04-02 21:14:47,136 [main] DEBUG 25000 records returned after 0.744 seconds (partial result).
2020-04-02 21:14:47,666 [main] DEBUG 0.530 seconds for HTTP request taxonomy (position 250000, try 0).
2020-04-02 21:14:47,902 [main] DEBUG 25000 records returned after 0.766 seconds (partial result).
2020-04-02 21:14:48,483 [main] DEBUG 0.581 seconds for HTTP request taxonomy (position 275000, try 0).
2020-04-02 21:14:48,722 [main] DEBUG 25000 records returned after 0.819 seconds (partial result).
2020-04-02 21:14:49,224 [main] DEBUG 0.502 seconds for HTTP request taxonomy (position 300000, try 0).
2020-04-02 21:14:49,437 [main] DEBUG 25000 records returned after 0.715 seconds (partial result).
2020-04-02 21:14:50,012 [main] DEBUG 0.575 seconds for HTTP request taxonomy (position 325000, try 0).
2020-04-02 21:14:50,288 [main] DEBUG 25000 records returned after 0.851 seconds (partial result).
2020-04-02 21:14:50,917 [main] DEBUG 0.629 seconds for HTTP request taxonomy (position 350000, try 0).
2020-04-02 21:14:51,160 [main] DEBUG 25000 records returned after 0.872 seconds (partial result).
2020-04-02 21:14:51,710 [main] DEBUG 0.550 seconds for HTTP request taxonomy (position 375000, try 0).
2020-04-02 21:14:51,964 [main] DEBUG 25000 records returned after 0.804 seconds (partial result).
2020-04-02 21:14:52,601 [main] DEBUG 0.636 seconds for HTTP request taxonomy (position 400000, try 0).
2020-04-02 21:14:52,812 [main] DEBUG 25000 records returned after 0.847 seconds (partial result).
2020-04-02 21:14:53,411 [main] DEBUG 0.599 seconds for HTTP request taxonomy (position 425000, try 0).
2020-04-02 21:14:53,672 [main] DEBUG 25000 records returned after 0.860 seconds (partial result).
2020-04-02 21:14:54,323 [main] DEBUG 0.651 seconds for HTTP request taxonomy (position 450000, try 0).
2020-04-02 21:14:54,774 [main] DEBUG 25000 records returned after 1.102 seconds (partial result).
2020-04-02 21:14:55,430 [main] DEBUG 0.655 seconds for HTTP request taxonomy (position 475000, try 0).
2020-04-02 21:14:55,877 [main] DEBUG 22954 records returned after 1.102 seconds.
2020-04-02 21:14:55,956 [main] INFO  497954 species tabulated.
2020-04-02 21:14:56,248 [main] DEBUG 0.289 seconds for HTTP request taxonomy (position 0, try 0).
2020-04-02 21:14:56,377 [main] DEBUG 5093 records returned after 0.418 seconds.
2020-04-02 21:14:56,379 [main] INFO  5093 genera tabulated.
2020-04-02 21:14:56,382 [main] DEBUG Missing genus or species for 1869227.403.
2020-04-02 21:14:56,391 [main] INFO  Retrieving seed protein features.
2020-04-02 21:15:07,832 [main] DEBUG 11.439 seconds for HTTP request genome_feature (position 0, try 0).
2020-04-02 21:15:07,832 [main] DEBUG 36 records returned after 11.440 seconds.
2020-04-02 21:15:07,832 [main] INFO  Retrieving DNA and protein sequences.
2020-04-02 21:15:07,839 [main] INFO  Retrieving DNA sequences for 8 proteins.
2020-04-02 21:15:08,085 [main] DEBUG 0.245 seconds for HTTP request feature_sequence (position 0, try 0).
2020-04-02 21:15:08,086 [main] DEBUG 8 records returned after 0.246 seconds.
2020-04-02 21:15:08,086 [main] INFO  Retrieving protein sequences for 8 proteins.
2020-04-02 21:15:08,289 [main] DEBUG 0.203 seconds for HTTP request feature_sequence (position 0, try 0).
2020-04-02 21:15:08,290 [main] DEBUG 8 records returned after 0.204 seconds.
2020-04-02 21:15:08,290 [main] INFO  9 DNA sequences and 9 protein sequences stored.
2020-04-02 21:15:08,291 [main] INFO  Retrieving DNA sequences for 8 proteins.
2020-04-02 21:15:08,515 [main] DEBUG 0.224 seconds for HTTP request feature_sequence (position 0, try 0).
2020-04-02 21:15:08,515 [main] DEBUG 8 records returned after 0.224 seconds.
2020-04-02 21:15:08,515 [main] INFO  Retrieving protein sequences for 7 proteins.
2020-04-02 21:15:08,708 [main] DEBUG 0.192 seconds for HTTP request feature_sequence (position 0, try 0).
2020-04-02 21:15:08,709 [main] DEBUG 7 records returned after 0.193 seconds.
2020-04-02 21:15:08,709 [main] INFO  11 DNA sequences and 11 protein sequences stored.
2020-04-02 21:15:08,709 [main] INFO  Retrieving DNA sequences for 8 proteins.
2020-04-02 21:15:08,912 [main] DEBUG 0.202 seconds for HTTP request feature_sequence (position 0, try 0).
2020-04-02 21:15:08,912 [main] DEBUG 8 records returned after 0.202 seconds.
2020-04-02 21:15:08,912 [main] INFO  Retrieving protein sequences for 8 proteins.
2020-04-02 21:15:09,126 [main] DEBUG 0.214 seconds for HTTP request feature_sequence (position 0, try 0).
2020-04-02 21:15:09,127 [main] DEBUG 8 records returned after 0.214 seconds.
2020-04-02 21:15:09,127 [main] INFO  8 DNA sequences and 8 protein sequences stored.
2020-04-02 21:15:09,127 [main] INFO  Retrieving DNA sequences for 8 proteins.
2020-04-02 21:15:09,361 [main] DEBUG 0.234 seconds for HTTP request feature_sequence (position 0, try 0).
2020-04-02 21:15:09,362 [main] DEBUG 8 records returned after 0.235 seconds.
2020-04-02 21:15:09,362 [main] INFO  Retrieving protein sequences for 8 proteins.
2020-04-02 21:15:09,596 [main] DEBUG 0.234 seconds for HTTP request feature_sequence (position 0, try 0).
2020-04-02 21:15:09,596 [main] DEBUG 8 records returned after 0.234 seconds.
2020-04-02 21:15:09,596 [main] INFO  8 DNA sequences and 8 protein sequences stored.
2020-04-02 21:15:09,596 [main] INFO  Removing genomes with incomplete data or ambiguity.
2020-04-02 21:15:09,597 [main] INFO  1 incomplete or ambiguous genomes removed.
